*** Encoder:  ca  ***
Encoder arch: default -  ['default', 'ca']
 d:  1
 d:  2
 d:  4
 d:  8
 d:  16
 d:  32
 d:  64
 d:  128
 d:  256
 d:  512
*** Decoder:  ca  ***
 d:  1
 d:  2
 d:  4
 d:  8
 d:  16
 d:  32
 d:  64
 d:  128
 d:  256
 d:  512
*** Decoder:  ca  ***
 d:  1
 d:  2
 d:  4
 d:  8
 d:  16
 d:  32
 d:  64
 d:  128
 d:  256
 d:  512
*** Decoder:  ca  ***
 d:  1
 d:  2
 d:  4
 d:  8
 d:  16
 d:  32
 d:  64
 d:  128
 d:  256
 d:  512
Model Size:  1134476
LR:0.001, BS:4
Epoch: 1, Time: 2.0530, Train loss: 2.8423, Train acc: 0.1044
Epoch: 2, Time: 2.1279, Train loss: 2.6218, Train acc: 0.1548
Epoch: 3, Time: 2.1787, Train loss: 2.3994, Train acc: 0.2020
Epoch: 4, Time: 2.2248, Train loss: 2.1776, Train acc: 0.2086
Epoch: 5, Time: 2.1307, Train loss: 1.9526, Train acc: 0.2444
Epoch: 6, Time: 2.0046, Train loss: 1.7323, Train acc: 0.3222
Epoch: 7, Time: 1.9386, Train loss: 1.6567, Train acc: 0.3920
Epoch: 8, Time: 2.0385, Train loss: 1.6147, Train acc: 0.4287
Epoch: 9, Time: 2.0980, Train loss: 1.3808, Train acc: 0.4745
Epoch: 10, Time: 2.0186, Train loss: 1.3002, Train acc: 0.5187
---[epoch 10]---: tst acc = 0.404053
Epoch: 11, Time: 2.0621, Train loss: 1.2186, Train acc: 0.5478
Epoch: 12, Time: 1.8738, Train loss: 1.1730, Train acc: 0.6009
Epoch: 13, Time: 2.0525, Train loss: 1.0424, Train acc: 0.6607
Epoch: 14, Time: 2.0791, Train loss: 1.0132, Train acc: 0.6965
Epoch: 15, Time: 2.0773, Train loss: 0.9493, Train acc: 0.7260
Epoch: 16, Time: 2.0007, Train loss: 0.8949, Train acc: 0.7516
Epoch: 17, Time: 2.0948, Train loss: 0.8779, Train acc: 0.7628
Epoch: 18, Time: 2.0719, Train loss: 0.8200, Train acc: 0.7844
Epoch: 19, Time: 2.0523, Train loss: 0.7758, Train acc: 0.8050
Epoch: 20, Time: 1.9213, Train loss: 0.7914, Train acc: 0.7977
---[epoch 20]---: tst acc = 0.693213
Epoch: 21, Time: 2.0213, Train loss: 0.7200, Train acc: 0.8203
Epoch: 22, Time: 1.9697, Train loss: 0.7036, Train acc: 0.8294
Epoch: 23, Time: 2.0068, Train loss: 0.7126, Train acc: 0.8261
Epoch: 24, Time: 1.9565, Train loss: 0.6732, Train acc: 0.8323
Epoch: 25, Time: 1.9571, Train loss: 0.7063, Train acc: 0.8272
Epoch: 26, Time: 1.9855, Train loss: 0.8669, Train acc: 0.7915
Epoch: 27, Time: 1.9073, Train loss: 0.7351, Train acc: 0.8313
Epoch    28: reducing learning rate of group 0 to 5.0000e-04.
Epoch: 28, Time: 1.8977, Train loss: 0.7148, Train acc: 0.8282
Epoch: 29, Time: 1.9737, Train loss: 0.6214, Train acc: 0.8561
Epoch: 30, Time: 2.0001, Train loss: 0.5927, Train acc: 0.8669
---[epoch 30]---: tst acc = 0.739400
Epoch: 31, Time: 1.9028, Train loss: 0.5703, Train acc: 0.8779
Epoch: 32, Time: 2.0233, Train loss: 0.5550, Train acc: 0.8799
Epoch: 33, Time: 1.9131, Train loss: 0.5431, Train acc: 0.8860
Epoch: 34, Time: 1.9062, Train loss: 0.5178, Train acc: 0.8931
Epoch: 35, Time: 1.9534, Train loss: 0.5135, Train acc: 0.8929
Epoch: 36, Time: 1.9612, Train loss: 0.5065, Train acc: 0.8953
Epoch: 37, Time: 1.8802, Train loss: 0.4966, Train acc: 0.8984
Epoch: 38, Time: 1.8992, Train loss: 0.4949, Train acc: 0.9017
Epoch: 39, Time: 1.9378, Train loss: 0.4824, Train acc: 0.9023
Epoch: 40, Time: 1.9531, Train loss: 0.4696, Train acc: 0.9063
---[epoch 40]---: tst acc = 0.753814
Epoch: 41, Time: 1.9912, Train loss: 0.4756, Train acc: 0.9054
Epoch: 42, Time: 1.9213, Train loss: 0.4688, Train acc: 0.9100
Epoch: 43, Time: 1.9062, Train loss: 0.4634, Train acc: 0.9087
Epoch: 44, Time: 1.9485, Train loss: 0.4660, Train acc: 0.9070
Epoch: 45, Time: 1.8837, Train loss: 0.4814, Train acc: 0.9001
Epoch: 46, Time: 1.9811, Train loss: 0.4772, Train acc: 0.9024
Epoch: 47, Time: 1.9169, Train loss: 0.4626, Train acc: 0.9090
Epoch: 48, Time: 1.9617, Train loss: 0.4525, Train acc: 0.9118
Epoch: 49, Time: 1.8881, Train loss: 0.4488, Train acc: 0.9144
Epoch: 50, Time: 1.8843, Train loss: 0.4457, Train acc: 0.9094
---[epoch 50]---: tst acc = 0.761080
Epoch: 51, Time: 1.8929, Train loss: 0.4397, Train acc: 0.9170
Epoch: 52, Time: 1.9625, Train loss: 0.4388, Train acc: 0.9167
Epoch: 53, Time: 1.7942, Train loss: 0.4342, Train acc: 0.9180
Epoch: 54, Time: 1.9375, Train loss: 0.4228, Train acc: 0.9196
Epoch: 55, Time: 1.8829, Train loss: 0.4190, Train acc: 0.9196
Epoch: 56, Time: 1.9469, Train loss: 0.4094, Train acc: 0.9239
Epoch: 57, Time: 1.9467, Train loss: 0.4066, Train acc: 0.9254
Epoch: 58, Time: 1.9336, Train loss: 0.4166, Train acc: 0.9226
Epoch: 59, Time: 1.8904, Train loss: 0.4067, Train acc: 0.9256
Epoch: 60, Time: 1.9224, Train loss: 0.3948, Train acc: 0.9284
---[epoch 60]---: tst acc = 0.767185
Epoch: 61, Time: 1.9046, Train loss: 0.4083, Train acc: 0.9255
Epoch: 62, Time: 1.8608, Train loss: 0.4067, Train acc: 0.9292
Epoch: 63, Time: 1.9880, Train loss: 0.3864, Train acc: 0.9311
Epoch: 64, Time: 2.0167, Train loss: 0.3838, Train acc: 0.9303
Epoch: 65, Time: 1.9111, Train loss: 0.3822, Train acc: 0.9336
Epoch: 66, Time: 1.9143, Train loss: 0.3814, Train acc: 0.9341
Epoch: 67, Time: 1.7253, Train loss: 0.3878, Train acc: 0.9352
Epoch: 68, Time: 2.0114, Train loss: 0.3715, Train acc: 0.9369
Epoch: 69, Time: 1.9828, Train loss: 0.3707, Train acc: 0.9371
Epoch: 70, Time: 1.8725, Train loss: 0.3725, Train acc: 0.9436
---[epoch 70]---: tst acc = 0.763586
Epoch: 71, Time: 1.9822, Train loss: 0.3572, Train acc: 0.9433
Epoch: 72, Time: 1.8507, Train loss: 0.3591, Train acc: 0.9447
Epoch: 73, Time: 1.9663, Train loss: 0.3535, Train acc: 0.9457
Epoch: 74, Time: 1.8814, Train loss: 0.3537, Train acc: 0.9480
Epoch: 75, Time: 1.9775, Train loss: 0.3452, Train acc: 0.9473
Epoch: 76, Time: 1.9472, Train loss: 0.3414, Train acc: 0.9494
Epoch: 77, Time: 1.9403, Train loss: 0.3482, Train acc: 0.9494
Epoch: 78, Time: 1.9521, Train loss: 0.3680, Train acc: 0.9433
Epoch: 79, Time: 1.9310, Train loss: 0.3638, Train acc: 0.9450
Epoch    80: reducing learning rate of group 0 to 2.5000e-04.
Epoch: 80, Time: 1.9574, Train loss: 0.3442, Train acc: 0.9473
---[epoch 80]---: tst acc = 0.778572
Epoch: 81, Time: 1.9028, Train loss: 0.3354, Train acc: 0.9553
Epoch: 82, Time: 1.9314, Train loss: 0.3298, Train acc: 0.9558
Epoch: 83, Time: 1.9439, Train loss: 0.3240, Train acc: 0.9587
Epoch: 84, Time: 1.8559, Train loss: 0.3281, Train acc: 0.9603
Epoch: 85, Time: 1.9432, Train loss: 0.3146, Train acc: 0.9625
Epoch: 86, Time: 1.8788, Train loss: 0.3107, Train acc: 0.9646
Epoch: 87, Time: 1.8702, Train loss: 0.3139, Train acc: 0.9641
Epoch: 88, Time: 1.9414, Train loss: 0.3139, Train acc: 0.9653
Epoch: 89, Time: 1.9386, Train loss: 0.3082, Train acc: 0.9663
Epoch: 90, Time: 1.9463, Train loss: 0.3039, Train acc: 0.9674
---[epoch 90]---: tst acc = 0.782979
Epoch: 91, Time: 1.9019, Train loss: 0.3086, Train acc: 0.9672
Epoch: 92, Time: 1.9965, Train loss: 0.3034, Train acc: 0.9648
Epoch: 93, Time: 1.9017, Train loss: 0.3015, Train acc: 0.9672
Epoch: 94, Time: 1.9161, Train loss: 0.3044, Train acc: 0.9660
Epoch: 95, Time: 1.9168, Train loss: 0.2994, Train acc: 0.9683
Epoch: 96, Time: 2.0021, Train loss: 0.2980, Train acc: 0.9676
Epoch: 97, Time: 1.9039, Train loss: 0.2949, Train acc: 0.9704
Epoch: 98, Time: 2.0222, Train loss: 0.2867, Train acc: 0.9710
Epoch: 99, Time: 1.9012, Train loss: 0.2939, Train acc: 0.9710
Epoch: 100, Time: 1.9702, Train loss: 0.2892, Train acc: 0.9707
---[epoch 100]---: tst acc = 0.792347
Epoch: 101, Time: 1.9987, Train loss: 0.2895, Train acc: 0.9702
Epoch: 102, Time: 2.0467, Train loss: 0.2846, Train acc: 0.9702
Epoch: 103, Time: 2.0234, Train loss: 0.2809, Train acc: 0.9728
Epoch: 104, Time: 1.9995, Train loss: 0.2805, Train acc: 0.9721
Epoch: 105, Time: 1.9438, Train loss: 0.2844, Train acc: 0.9728
Epoch: 106, Time: 2.0664, Train loss: 0.2765, Train acc: 0.9731
Epoch: 107, Time: 1.8958, Train loss: 0.2810, Train acc: 0.9737
Epoch: 108, Time: 1.9487, Train loss: 0.2790, Train acc: 0.9719
Epoch: 109, Time: 2.0181, Train loss: 0.2724, Train acc: 0.9741
Epoch: 110, Time: 1.9592, Train loss: 0.2779, Train acc: 0.9730
---[epoch 110]---: tst acc = 0.808746
Epoch: 111, Time: 1.9707, Train loss: 0.2697, Train acc: 0.9746
Epoch: 112, Time: 2.0082, Train loss: 0.2727, Train acc: 0.9746
Epoch: 113, Time: 1.8621, Train loss: 0.2801, Train acc: 0.9721
Epoch: 114, Time: 2.0733, Train loss: 0.2686, Train acc: 0.9727
Epoch: 115, Time: 1.9287, Train loss: 0.2648, Train acc: 0.9754
Epoch: 116, Time: 1.8999, Train loss: 0.2724, Train acc: 0.9745
Epoch: 117, Time: 1.9654, Train loss: 0.2708, Train acc: 0.9739
Epoch: 118, Time: 1.9939, Train loss: 0.2681, Train acc: 0.9742
Epoch: 119, Time: 1.9916, Train loss: 0.2613, Train acc: 0.9753
Epoch: 120, Time: 1.9954, Train loss: 0.2629, Train acc: 0.9755
---[epoch 120]---: tst acc = 0.792213
