Encoder pos_encoding:  fixed
Encoder arch: default
Decoder pos_encoding:  fixed
Model Size:  1147584
LR:0.001
Epoch: 1, Time: 6.3379, Train loss: 0.9300, Train acc: 0.2271
Epoch: 2, Time: 6.3057, Train loss: 0.7284, Train acc: 0.3160
Epoch: 3, Time: 6.3781, Train loss: 0.6517, Train acc: 0.3588
Epoch: 4, Time: 6.3681, Train loss: 0.5800, Train acc: 0.4280
Epoch: 5, Time: 6.5084, Train loss: 0.5113, Train acc: 0.4761
Epoch: 6, Time: 6.9475, Train loss: 0.5122, Train acc: 0.4944
Epoch: 7, Time: 6.5793, Train loss: 0.4707, Train acc: 0.5442
Epoch: 8, Time: 6.5379, Train loss: 0.4220, Train acc: 0.6104
Epoch: 9, Time: 6.4771, Train loss: 0.3850, Train acc: 0.6450
Epoch: 10, Time: 6.3972, Train loss: 0.3623, Train acc: 0.6727
---[epoch 10]---: tst acc = 0.597952
Epoch: 11, Time: 6.7117, Train loss: 0.3380, Train acc: 0.7103
Epoch: 12, Time: 6.3603, Train loss: 0.3296, Train acc: 0.7151
Epoch: 13, Time: 6.4086, Train loss: 0.3589, Train acc: 0.6888
Epoch: 14, Time: 6.3471, Train loss: 0.3767, Train acc: 0.6876
Epoch: 15, Time: 6.3628, Train loss: 0.3309, Train acc: 0.7290
Epoch: 16, Time: 6.4727, Train loss: 0.2783, Train acc: 0.7844
Epoch: 17, Time: 6.3273, Train loss: 0.2599, Train acc: 0.8100
Epoch: 18, Time: 6.6288, Train loss: 0.2327, Train acc: 0.8364
Epoch: 19, Time: 6.5049, Train loss: 0.2598, Train acc: 0.8114
Epoch: 20, Time: 6.4333, Train loss: 0.2323, Train acc: 0.8448
---[epoch 20]---: tst acc = 0.655300
Epoch: 21, Time: 6.8258, Train loss: 0.2657, Train acc: 0.8169
Epoch: 22, Time: 6.4983, Train loss: 0.2133, Train acc: 0.8695
Epoch: 23, Time: 6.3748, Train loss: 0.1908, Train acc: 0.8845
Epoch: 24, Time: 6.4367, Train loss: 0.1789, Train acc: 0.8964
Epoch: 25, Time: 6.4671, Train loss: 0.1719, Train acc: 0.9014
Epoch: 26, Time: 6.4297, Train loss: 0.2145, Train acc: 0.8654
Epoch: 27, Time: 6.4767, Train loss: 0.2053, Train acc: 0.8775
Epoch: 28, Time: 6.4632, Train loss: 0.1697, Train acc: 0.9107
Epoch: 29, Time: 6.4905, Train loss: 0.1615, Train acc: 0.9152
Epoch: 30, Time: 6.5249, Train loss: 0.1687, Train acc: 0.9105
---[epoch 30]---: tst acc = 0.674477
Epoch: 31, Time: 6.5386, Train loss: 0.1874, Train acc: 0.8969
Epoch: 32, Time: 6.4945, Train loss: 0.1436, Train acc: 0.9335
Epoch: 33, Time: 6.3824, Train loss: 0.1435, Train acc: 0.9336
Epoch: 34, Time: 6.6090, Train loss: 0.1345, Train acc: 0.9385
Epoch: 35, Time: 6.5114, Train loss: 0.1467, Train acc: 0.9298
Epoch: 36, Time: 6.8187, Train loss: 0.2044, Train acc: 0.8880
Epoch: 37, Time: 6.6547, Train loss: 0.1945, Train acc: 0.8933
Epoch    38: reducing learning rate of group 0 to 5.0000e-04.
Epoch: 38, Time: 6.6677, Train loss: 0.1651, Train acc: 0.9304
Epoch: 39, Time: 6.9528, Train loss: 0.1605, Train acc: 0.9430
Epoch: 40, Time: 6.3482, Train loss: 0.1579, Train acc: 0.9554
---[epoch 40]---: tst acc = 0.711866
Epoch: 41, Time: 6.5888, Train loss: 0.1638, Train acc: 0.9513
Epoch    42: reducing learning rate of group 0 to 2.5000e-04.
Epoch: 42, Time: 6.4146, Train loss: 0.1671, Train acc: 0.9561
Epoch: 43, Time: 6.4703, Train loss: 0.1646, Train acc: 0.9590
Epoch: 44, Time: 6.4137, Train loss: 0.1688, Train acc: 0.9618
Epoch: 45, Time: 6.4454, Train loss: 0.1766, Train acc: 0.9627
Epoch    46: reducing learning rate of group 0 to 1.2500e-04.
Epoch: 46, Time: 6.4051, Train loss: 0.1742, Train acc: 0.9633
Epoch: 47, Time: 6.7729, Train loss: 0.1740, Train acc: 0.9657
Epoch: 48, Time: 6.5294, Train loss: 0.1792, Train acc: 0.9663
Epoch: 49, Time: 6.5330, Train loss: 0.1829, Train acc: 0.9666
Epoch    50: reducing learning rate of group 0 to 6.2500e-05.
Epoch: 50, Time: 6.3968, Train loss: 0.1916, Train acc: 0.9657
---[epoch 50]---: tst acc = 0.713258
Epoch: 51, Time: 6.5314, Train loss: 0.1892, Train acc: 0.9676
Epoch: 52, Time: 6.6327, Train loss: 0.1822, Train acc: 0.9680
Epoch: 53, Time: 6.5523, Train loss: 0.1903, Train acc: 0.9685
Epoch    54: reducing learning rate of group 0 to 3.1250e-05.
Epoch: 54, Time: 6.4012, Train loss: 0.1905, Train acc: 0.9684
Epoch: 55, Time: 6.3760, Train loss: 0.1979, Train acc: 0.9691
Epoch: 56, Time: 6.5406, Train loss: 0.1903, Train acc: 0.9692
Epoch: 57, Time: 6.7308, Train loss: 0.1881, Train acc: 0.9691
Epoch    58: reducing learning rate of group 0 to 1.5625e-05.
Epoch: 58, Time: 6.5475, Train loss: 0.1873, Train acc: 0.9696
Epoch: 59, Time: 6.4911, Train loss: 0.1917, Train acc: 0.9696
Epoch: 60, Time: 6.5277, Train loss: 0.1897, Train acc: 0.9700
---[epoch 60]---: tst acc = 0.716342
Epoch: 61, Time: 6.8105, Train loss: 0.1897, Train acc: 0.9692
Epoch    62: reducing learning rate of group 0 to 7.8125e-06.
Epoch: 62, Time: 6.3939, Train loss: 0.1931, Train acc: 0.9698
Epoch: 63, Time: 6.5108, Train loss: 0.1925, Train acc: 0.9695
Epoch: 64, Time: 6.4890, Train loss: 0.1922, Train acc: 0.9696
Epoch: 65, Time: 6.8752, Train loss: 0.1881, Train acc: 0.9705
Epoch    66: reducing learning rate of group 0 to 3.9063e-06.
Epoch: 66, Time: 6.4410, Train loss: 0.1898, Train acc: 0.9707
Epoch: 67, Time: 6.6179, Train loss: 0.1933, Train acc: 0.9701
Epoch: 68, Time: 6.5481, Train loss: 0.1925, Train acc: 0.9698
Epoch: 69, Time: 6.5720, Train loss: 0.1902, Train acc: 0.9702
Epoch    70: reducing learning rate of group 0 to 1.9531e-06.
Epoch: 70, Time: 6.5286, Train loss: 0.1901, Train acc: 0.9705
---[epoch 70]---: tst acc = 0.716207
Epoch: 71, Time: 6.5124, Train loss: 0.1887, Train acc: 0.9706
Epoch: 72, Time: 6.5984, Train loss: 0.1873, Train acc: 0.9701
Epoch: 73, Time: 6.8276, Train loss: 0.1861, Train acc: 0.9706
Epoch    74: reducing learning rate of group 0 to 9.7656e-07.
Epoch: 74, Time: 6.5813, Train loss: 0.1879, Train acc: 0.9709
Epoch: 75, Time: 6.5710, Train loss: 0.1898, Train acc: 0.9702
Epoch: 76, Time: 6.4392, Train loss: 0.1915, Train acc: 0.9706
Epoch: 77, Time: 6.5409, Train loss: 0.1910, Train acc: 0.9710
Epoch    78: reducing learning rate of group 0 to 4.8828e-07.
Epoch: 78, Time: 6.6361, Train loss: 0.1903, Train acc: 0.9704
Epoch: 79, Time: 6.5548, Train loss: 0.1900, Train acc: 0.9708
Epoch: 80, Time: 6.7629, Train loss: 0.1841, Train acc: 0.9706
---[epoch 80]---: tst acc = 0.716105
Epoch: 81, Time: 6.5089, Train loss: 0.1943, Train acc: 0.9707
Epoch    82: reducing learning rate of group 0 to 2.4414e-07.
Epoch: 82, Time: 6.7115, Train loss: 0.1900, Train acc: 0.9703
Epoch: 83, Time: 6.6263, Train loss: 0.1878, Train acc: 0.9704
Epoch: 84, Time: 7.1678, Train loss: 0.1906, Train acc: 0.9705
Epoch: 85, Time: 6.7143, Train loss: 0.1895, Train acc: 0.9705
Epoch    86: reducing learning rate of group 0 to 1.2207e-07.
Epoch: 86, Time: 6.4929, Train loss: 0.1929, Train acc: 0.9705
Epoch: 87, Time: 7.2021, Train loss: 0.1933, Train acc: 0.9702
Epoch: 88, Time: 6.9004, Train loss: 0.1886, Train acc: 0.9702
Epoch: 89, Time: 6.5605, Train loss: 0.1889, Train acc: 0.9706
Epoch    90: reducing learning rate of group 0 to 6.1035e-08.
Epoch: 90, Time: 6.6168, Train loss: 0.1871, Train acc: 0.9702
---[epoch 90]---: tst acc = 0.716057
Epoch: 91, Time: 6.4998, Train loss: 0.1921, Train acc: 0.9707
Epoch: 92, Time: 6.4721, Train loss: 0.1897, Train acc: 0.9704
Epoch: 93, Time: 6.7353, Train loss: 0.1846, Train acc: 0.9705
Epoch    94: reducing learning rate of group 0 to 3.0518e-08.
Epoch: 94, Time: 7.0656, Train loss: 0.1886, Train acc: 0.9704
Epoch: 95, Time: 7.0712, Train loss: 0.1898, Train acc: 0.9702
Epoch: 96, Time: 6.6094, Train loss: 0.1871, Train acc: 0.9702
Epoch: 97, Time: 6.6379, Train loss: 0.1850, Train acc: 0.9706
Epoch    98: reducing learning rate of group 0 to 1.5259e-08.
Epoch: 98, Time: 6.6104, Train loss: 0.1923, Train acc: 0.9710
Epoch: 99, Time: 6.8680, Train loss: 0.1893, Train acc: 0.9708
Epoch: 100, Time: 6.6330, Train loss: 0.1910, Train acc: 0.9707
---[epoch 100]---: tst acc = 0.716057
Epoch: 101, Time: 6.6154, Train loss: 0.1892, Train acc: 0.9702
Epoch: 102, Time: 6.6418, Train loss: 0.1848, Train acc: 0.9706
Epoch: 103, Time: 6.7784, Train loss: 0.1859, Train acc: 0.9710
Epoch: 104, Time: 6.6213, Train loss: 0.1903, Train acc: 0.9702
Epoch: 105, Time: 6.6187, Train loss: 0.1928, Train acc: 0.9706
Epoch: 106, Time: 6.6309, Train loss: 0.1889, Train acc: 0.9703
Epoch: 107, Time: 6.4992, Train loss: 0.1917, Train acc: 0.9708
Epoch: 108, Time: 6.6838, Train loss: 0.1882, Train acc: 0.9708
Epoch: 109, Time: 6.5570, Train loss: 0.1882, Train acc: 0.9699
Epoch: 110, Time: 6.5836, Train loss: 0.1909, Train acc: 0.9704
---[epoch 110]---: tst acc = 0.716033
Epoch: 111, Time: 6.5143, Train loss: 0.1895, Train acc: 0.9705
Epoch: 112, Time: 6.7827, Train loss: 0.1892, Train acc: 0.9708
Epoch: 113, Time: 6.6080, Train loss: 0.1924, Train acc: 0.9707
Epoch: 114, Time: 6.7491, Train loss: 0.1855, Train acc: 0.9709
Epoch: 115, Time: 6.9165, Train loss: 0.1893, Train acc: 0.9709
Epoch: 116, Time: 6.5780, Train loss: 0.1889, Train acc: 0.9708
Epoch: 117, Time: 6.2981, Train loss: 0.1930, Train acc: 0.9712
Epoch: 118, Time: 6.2630, Train loss: 0.1942, Train acc: 0.9701
Epoch: 119, Time: 7.0578, Train loss: 0.1924, Train acc: 0.9706
Epoch: 120, Time: 7.2366, Train loss: 0.1931, Train acc: 0.9704
---[epoch 120]---: tst acc = 0.715994
