Encoder pos_encoding:  learnable
Encoder arch: default
Model Size:  2603584
LR:0.001
Epoch: 1, Time: 6.0885, Train loss: 0.9611, Train acc: 0.2159
Epoch: 2, Time: 6.0367, Train loss: 0.7293, Train acc: 0.3147
Epoch: 3, Time: 6.2010, Train loss: 0.6471, Train acc: 0.3904
Epoch: 4, Time: 6.3083, Train loss: 0.5787, Train acc: 0.4560
Epoch: 5, Time: 6.3710, Train loss: 0.5074, Train acc: 0.5183
Epoch: 6, Time: 6.4260, Train loss: 0.4960, Train acc: 0.5333
Epoch: 7, Time: 6.4419, Train loss: 0.4801, Train acc: 0.5415
Epoch: 8, Time: 6.5156, Train loss: 0.4287, Train acc: 0.6055
Epoch: 9, Time: 6.4391, Train loss: 0.4168, Train acc: 0.6262
Epoch: 10, Time: 6.3235, Train loss: 0.3715, Train acc: 0.6779
---[epoch 10]---: tst acc = 0.613776
Epoch: 11, Time: 6.5298, Train loss: 0.3481, Train acc: 0.7030
Epoch: 12, Time: 6.6462, Train loss: 0.3491, Train acc: 0.7085
Epoch: 13, Time: 6.5606, Train loss: 0.3291, Train acc: 0.7355
Epoch: 14, Time: 6.2832, Train loss: 0.2880, Train acc: 0.7773
Epoch: 15, Time: 6.5016, Train loss: 0.3049, Train acc: 0.7632
Epoch: 16, Time: 6.3698, Train loss: 0.2951, Train acc: 0.7800
Epoch: 17, Time: 6.5478, Train loss: 0.2664, Train acc: 0.8077
Epoch: 18, Time: 6.7078, Train loss: 0.2623, Train acc: 0.8120
Epoch: 19, Time: 6.5567, Train loss: 0.2849, Train acc: 0.7956
Epoch: 20, Time: 6.3590, Train loss: 0.2649, Train acc: 0.8198
---[epoch 20]---: tst acc = 0.650152
Epoch: 21, Time: 6.5083, Train loss: 0.2367, Train acc: 0.8428
Epoch: 22, Time: 6.4083, Train loss: 0.2527, Train acc: 0.8339
Epoch: 23, Time: 6.3834, Train loss: 0.2064, Train acc: 0.8747
Epoch: 24, Time: 6.4963, Train loss: 0.2707, Train acc: 0.8180
Epoch: 25, Time: 6.4807, Train loss: 0.2097, Train acc: 0.8734
Epoch: 26, Time: 6.5225, Train loss: 0.2015, Train acc: 0.8807
Epoch: 27, Time: 6.3987, Train loss: 0.1781, Train acc: 0.9011
Epoch: 28, Time: 6.4498, Train loss: 0.1788, Train acc: 0.8994
Epoch: 29, Time: 6.7447, Train loss: 0.1856, Train acc: 0.8928
Epoch: 30, Time: 6.3668, Train loss: 0.1870, Train acc: 0.8946
---[epoch 30]---: tst acc = 0.685469
Epoch    31: reducing learning rate of group 0 to 5.0000e-04.
Epoch: 31, Time: 6.4689, Train loss: 0.1820, Train acc: 0.8984
Epoch: 32, Time: 6.4016, Train loss: 0.1505, Train acc: 0.9303
Epoch: 33, Time: 6.3420, Train loss: 0.1449, Train acc: 0.9339
Epoch: 34, Time: 6.6214, Train loss: 0.1404, Train acc: 0.9390
Epoch: 35, Time: 6.4689, Train loss: 0.1459, Train acc: 0.9393
Epoch: 36, Time: 6.7152, Train loss: 0.1596, Train acc: 0.9319
Epoch: 37, Time: 6.6690, Train loss: 0.1559, Train acc: 0.9343
Epoch    38: reducing learning rate of group 0 to 2.5000e-04.
Epoch: 38, Time: 6.4265, Train loss: 0.1517, Train acc: 0.9427
Epoch: 39, Time: 6.4161, Train loss: 0.1480, Train acc: 0.9489
Epoch: 40, Time: 6.2903, Train loss: 0.1555, Train acc: 0.9480
---[epoch 40]---: tst acc = 0.731841
Epoch: 41, Time: 6.4667, Train loss: 0.1523, Train acc: 0.9507
Epoch    42: reducing learning rate of group 0 to 1.2500e-04.
Epoch: 42, Time: 6.4957, Train loss: 0.1582, Train acc: 0.9486
Epoch: 43, Time: 6.4337, Train loss: 0.1522, Train acc: 0.9541
Epoch: 44, Time: 6.5652, Train loss: 0.1580, Train acc: 0.9554
Epoch: 45, Time: 6.4026, Train loss: 0.1632, Train acc: 0.9554
Epoch    46: reducing learning rate of group 0 to 6.2500e-05.
Epoch: 46, Time: 6.4388, Train loss: 0.1626, Train acc: 0.9553
Epoch: 47, Time: 6.5831, Train loss: 0.1592, Train acc: 0.9571
Epoch: 48, Time: 6.7629, Train loss: 0.1639, Train acc: 0.9576
Epoch: 49, Time: 6.5393, Train loss: 0.1653, Train acc: 0.9566
Epoch    50: reducing learning rate of group 0 to 3.1250e-05.
Epoch: 50, Time: 7.0161, Train loss: 0.1681, Train acc: 0.9581
---[epoch 50]---: tst acc = 0.727302
Epoch: 51, Time: 6.6098, Train loss: 0.1652, Train acc: 0.9589
Epoch: 52, Time: 6.4991, Train loss: 0.1629, Train acc: 0.9586
Epoch: 53, Time: 6.6386, Train loss: 0.1678, Train acc: 0.9587
Epoch    54: reducing learning rate of group 0 to 1.5625e-05.
Epoch: 54, Time: 6.5825, Train loss: 0.1690, Train acc: 0.9587
Epoch: 55, Time: 6.2861, Train loss: 0.1742, Train acc: 0.9589
Epoch: 56, Time: 6.4568, Train loss: 0.1698, Train acc: 0.9592
Epoch: 57, Time: 6.7115, Train loss: 0.1680, Train acc: 0.9595
Epoch    58: reducing learning rate of group 0 to 7.8125e-06.
Epoch: 58, Time: 6.4525, Train loss: 0.1656, Train acc: 0.9602
Epoch: 59, Time: 6.3697, Train loss: 0.1680, Train acc: 0.9603
Epoch: 60, Time: 6.6087, Train loss: 0.1669, Train acc: 0.9601
---[epoch 60]---: tst acc = 0.730537
Epoch: 61, Time: 6.5327, Train loss: 0.1669, Train acc: 0.9601
Epoch    62: reducing learning rate of group 0 to 3.9063e-06.
Epoch: 62, Time: 6.3980, Train loss: 0.1693, Train acc: 0.9596
Epoch: 63, Time: 6.5021, Train loss: 0.1682, Train acc: 0.9603
Epoch: 64, Time: 6.4792, Train loss: 0.1688, Train acc: 0.9598
Epoch: 65, Time: 6.5742, Train loss: 0.1659, Train acc: 0.9606
Epoch    66: reducing learning rate of group 0 to 1.9531e-06.
Epoch: 66, Time: 7.1566, Train loss: 0.1692, Train acc: 0.9604
Epoch: 67, Time: 6.4968, Train loss: 0.1718, Train acc: 0.9604
Epoch: 68, Time: 6.7320, Train loss: 0.1704, Train acc: 0.9603
Epoch: 69, Time: 6.4724, Train loss: 0.1685, Train acc: 0.9608
Epoch    70: reducing learning rate of group 0 to 9.7656e-07.
Epoch: 70, Time: 6.4752, Train loss: 0.1689, Train acc: 0.9606
---[epoch 70]---: tst acc = 0.731098
Epoch: 71, Time: 6.4673, Train loss: 0.1678, Train acc: 0.9606
Epoch: 72, Time: 6.7517, Train loss: 0.1665, Train acc: 0.9604
Epoch: 73, Time: 6.5611, Train loss: 0.1667, Train acc: 0.9601
Epoch    74: reducing learning rate of group 0 to 4.8828e-07.
Epoch: 74, Time: 6.7155, Train loss: 0.1675, Train acc: 0.9608
Epoch: 75, Time: 6.4914, Train loss: 0.1690, Train acc: 0.9606
Epoch: 76, Time: 6.4627, Train loss: 0.1697, Train acc: 0.9609
Epoch: 77, Time: 6.4360, Train loss: 0.1701, Train acc: 0.9606
Epoch    78: reducing learning rate of group 0 to 2.4414e-07.
Epoch: 78, Time: 6.4182, Train loss: 0.1693, Train acc: 0.9607
Epoch: 79, Time: 6.5826, Train loss: 0.1693, Train acc: 0.9606
Epoch: 80, Time: 7.1372, Train loss: 0.1637, Train acc: 0.9608
---[epoch 80]---: tst acc = 0.731557
Epoch: 81, Time: 6.5197, Train loss: 0.1719, Train acc: 0.9603
Epoch    82: reducing learning rate of group 0 to 1.2207e-07.
Epoch: 82, Time: 6.5351, Train loss: 0.1689, Train acc: 0.9613
Epoch: 83, Time: 6.5460, Train loss: 0.1677, Train acc: 0.9602
Epoch: 84, Time: 6.8123, Train loss: 0.1695, Train acc: 0.9606
Epoch: 85, Time: 6.4899, Train loss: 0.1680, Train acc: 0.9609
Epoch    86: reducing learning rate of group 0 to 6.1035e-08.
Epoch: 86, Time: 6.4614, Train loss: 0.1712, Train acc: 0.9609
Epoch: 87, Time: 6.6517, Train loss: 0.1725, Train acc: 0.9596
Epoch: 88, Time: 6.5212, Train loss: 0.1680, Train acc: 0.9605
Epoch: 89, Time: 6.5123, Train loss: 0.1689, Train acc: 0.9605
Epoch    90: reducing learning rate of group 0 to 3.0518e-08.
Epoch: 90, Time: 6.5563, Train loss: 0.1670, Train acc: 0.9602
---[epoch 90]---: tst acc = 0.731493
Epoch: 91, Time: 6.4268, Train loss: 0.1706, Train acc: 0.9604
Epoch: 92, Time: 6.4938, Train loss: 0.1689, Train acc: 0.9609
Epoch: 93, Time: 7.0082, Train loss: 0.1652, Train acc: 0.9607
Epoch    94: reducing learning rate of group 0 to 1.5259e-08.
Epoch: 94, Time: 6.5885, Train loss: 0.1683, Train acc: 0.9608
Epoch: 95, Time: 6.5775, Train loss: 0.1685, Train acc: 0.9611
Epoch: 96, Time: 6.7853, Train loss: 0.1668, Train acc: 0.9603
Epoch: 97, Time: 6.8160, Train loss: 0.1666, Train acc: 0.9606
Epoch: 98, Time: 6.4085, Train loss: 0.1705, Train acc: 0.9606
Epoch: 99, Time: 6.4797, Train loss: 0.1691, Train acc: 0.9603
Epoch: 100, Time: 6.8900, Train loss: 0.1699, Train acc: 0.9602
---[epoch 100]---: tst acc = 0.731454
Epoch: 101, Time: 6.5276, Train loss: 0.1679, Train acc: 0.9609
Epoch: 102, Time: 6.6523, Train loss: 0.1660, Train acc: 0.9597
Epoch: 103, Time: 6.6240, Train loss: 0.1663, Train acc: 0.9602
Epoch: 104, Time: 6.5956, Train loss: 0.1693, Train acc: 0.9607
Epoch: 105, Time: 6.5378, Train loss: 0.1715, Train acc: 0.9606
Epoch: 106, Time: 6.6002, Train loss: 0.1678, Train acc: 0.9607
Epoch: 107, Time: 6.7933, Train loss: 0.1704, Train acc: 0.9603
Epoch: 108, Time: 6.5781, Train loss: 0.1684, Train acc: 0.9600
Epoch: 109, Time: 6.5613, Train loss: 0.1675, Train acc: 0.9601
Epoch: 110, Time: 6.5506, Train loss: 0.1697, Train acc: 0.9601
---[epoch 110]---: tst acc = 0.731454
Epoch: 111, Time: 6.4425, Train loss: 0.1686, Train acc: 0.9608
Epoch: 112, Time: 6.6392, Train loss: 0.1692, Train acc: 0.9605
Epoch: 113, Time: 6.4016, Train loss: 0.1712, Train acc: 0.9607
Epoch: 114, Time: 6.5561, Train loss: 0.1658, Train acc: 0.9606
Epoch: 115, Time: 6.5299, Train loss: 0.1684, Train acc: 0.9607
Epoch: 116, Time: 6.5309, Train loss: 0.1691, Train acc: 0.9602
Epoch: 117, Time: 6.4427, Train loss: 0.1721, Train acc: 0.9608
Epoch: 118, Time: 6.3897, Train loss: 0.1726, Train acc: 0.9602
Epoch: 119, Time: 6.4352, Train loss: 0.1715, Train acc: 0.9608
Epoch: 120, Time: 6.4347, Train loss: 0.1713, Train acc: 0.9607
---[epoch 120]---: tst acc = 0.731454
