Encoder pos_encoding:  fixed
Encoder arch: default
Model Size:  1147584
LR:0.001
Epoch: 1, Time: 6.0163, Train loss: 0.9438, Train acc: 0.2272
Epoch: 2, Time: 5.9788, Train loss: 0.7168, Train acc: 0.3189
Epoch: 3, Time: 6.0931, Train loss: 0.6186, Train acc: 0.4010
Epoch: 4, Time: 6.0580, Train loss: 0.5597, Train acc: 0.4550
Epoch: 5, Time: 6.2565, Train loss: 0.4994, Train acc: 0.5261
Epoch: 6, Time: 6.3350, Train loss: 0.4577, Train acc: 0.5623
Epoch: 7, Time: 6.3844, Train loss: 0.4597, Train acc: 0.5828
Epoch: 8, Time: 6.4355, Train loss: 0.4037, Train acc: 0.6433
Epoch: 9, Time: 6.3947, Train loss: 0.4126, Train acc: 0.6373
Epoch: 10, Time: 6.3206, Train loss: 0.3562, Train acc: 0.7045
---[epoch 10]---: tst acc = 0.552086
Epoch: 11, Time: 6.4443, Train loss: 0.3371, Train acc: 0.7251
Epoch: 12, Time: 6.2497, Train loss: 0.3617, Train acc: 0.6872
Epoch: 13, Time: 6.3671, Train loss: 0.3126, Train acc: 0.7521
Epoch: 14, Time: 6.2636, Train loss: 0.3252, Train acc: 0.7502
Epoch: 15, Time: 6.2974, Train loss: 0.2890, Train acc: 0.7821
Epoch: 16, Time: 6.3364, Train loss: 0.3015, Train acc: 0.7721
Epoch: 17, Time: 6.1681, Train loss: 0.2569, Train acc: 0.8160
Epoch: 18, Time: 6.4339, Train loss: 0.2887, Train acc: 0.7925
Epoch: 19, Time: 6.3989, Train loss: 0.2496, Train acc: 0.8269
Epoch: 20, Time: 6.2875, Train loss: 0.2203, Train acc: 0.8558
---[epoch 20]---: tst acc = 0.686908
Epoch: 21, Time: 6.4433, Train loss: 0.2113, Train acc: 0.8622
Epoch: 22, Time: 6.4125, Train loss: 0.2055, Train acc: 0.8695
Epoch: 23, Time: 6.3173, Train loss: 0.2036, Train acc: 0.8725
Epoch: 24, Time: 6.4203, Train loss: 0.1814, Train acc: 0.8934
Epoch: 25, Time: 6.4889, Train loss: 0.1914, Train acc: 0.8865
Epoch: 26, Time: 6.3394, Train loss: 0.2173, Train acc: 0.8636
Epoch: 27, Time: 6.3831, Train loss: 0.2039, Train acc: 0.8774
Epoch    28: reducing learning rate of group 0 to 5.0000e-04.
Epoch: 28, Time: 6.3262, Train loss: 0.1968, Train acc: 0.8863
Epoch: 29, Time: 6.4002, Train loss: 0.1566, Train acc: 0.9218
Epoch: 30, Time: 6.3428, Train loss: 0.1542, Train acc: 0.9243
---[epoch 30]---: tst acc = 0.708545
Epoch: 31, Time: 6.4740, Train loss: 0.1396, Train acc: 0.9361
Epoch: 32, Time: 6.4105, Train loss: 0.1751, Train acc: 0.9090
Epoch: 33, Time: 6.2888, Train loss: 0.1713, Train acc: 0.9128
Epoch: 34, Time: 6.5286, Train loss: 0.1481, Train acc: 0.9302
Epoch    35: reducing learning rate of group 0 to 2.5000e-04.
Epoch: 35, Time: 6.3743, Train loss: 0.1405, Train acc: 0.9354
Epoch: 36, Time: 6.3199, Train loss: 0.1303, Train acc: 0.9457
Epoch: 37, Time: 6.3982, Train loss: 0.1265, Train acc: 0.9480
Epoch: 38, Time: 6.3964, Train loss: 0.1260, Train acc: 0.9485
Epoch: 39, Time: 6.3860, Train loss: 0.1216, Train acc: 0.9508
Epoch: 40, Time: 6.2847, Train loss: 0.1217, Train acc: 0.9512
---[epoch 40]---: tst acc = 0.712388
Epoch: 41, Time: 6.4292, Train loss: 0.1205, Train acc: 0.9510
Epoch: 42, Time: 6.3792, Train loss: 0.1197, Train acc: 0.9513
Epoch: 43, Time: 6.4343, Train loss: 0.1153, Train acc: 0.9532
Epoch: 44, Time: 6.4165, Train loss: 0.1158, Train acc: 0.9543
Epoch: 45, Time: 6.4057, Train loss: 0.1159, Train acc: 0.9542
Epoch: 46, Time: 6.4256, Train loss: 0.1147, Train acc: 0.9541
Epoch: 47, Time: 6.5177, Train loss: 0.1116, Train acc: 0.9547
Epoch: 48, Time: 6.4463, Train loss: 0.1121, Train acc: 0.9558
Epoch: 49, Time: 6.4654, Train loss: 0.1221, Train acc: 0.9474
Epoch: 50, Time: 6.3547, Train loss: 0.1111, Train acc: 0.9577
---[epoch 50]---: tst acc = 0.710498
Epoch: 51, Time: 6.4396, Train loss: 0.1085, Train acc: 0.9582
Epoch: 52, Time: 6.5032, Train loss: 0.1065, Train acc: 0.9585
Epoch: 53, Time: 6.3991, Train loss: 0.1120, Train acc: 0.9559
Epoch: 54, Time: 6.3114, Train loss: 0.1085, Train acc: 0.9590
Epoch: 55, Time: 6.2490, Train loss: 0.1107, Train acc: 0.9558
Epoch: 56, Time: 6.4097, Train loss: 0.1055, Train acc: 0.9595
Epoch: 57, Time: 6.4216, Train loss: 0.1032, Train acc: 0.9605
Epoch: 58, Time: 6.4380, Train loss: 0.1004, Train acc: 0.9628
Epoch: 59, Time: 6.3959, Train loss: 0.1015, Train acc: 0.9618
Epoch: 60, Time: 6.4228, Train loss: 0.1003, Train acc: 0.9627
---[epoch 60]---: tst acc = 0.718509
Epoch: 61, Time: 6.4913, Train loss: 0.0995, Train acc: 0.9627
Epoch: 62, Time: 6.3798, Train loss: 0.0998, Train acc: 0.9632
Epoch: 63, Time: 6.4426, Train loss: 0.0991, Train acc: 0.9629
Epoch: 64, Time: 6.4023, Train loss: 0.0977, Train acc: 0.9636
Epoch: 65, Time: 6.5104, Train loss: 0.1008, Train acc: 0.9611
Epoch: 66, Time: 6.3693, Train loss: 0.1279, Train acc: 0.9425
Epoch: 67, Time: 6.4160, Train loss: 0.1039, Train acc: 0.9601
Epoch: 68, Time: 6.4287, Train loss: 0.0965, Train acc: 0.9661
Epoch: 69, Time: 6.4614, Train loss: 0.0949, Train acc: 0.9664
Epoch: 70, Time: 6.4585, Train loss: 0.0970, Train acc: 0.9654
---[epoch 70]---: tst acc = 0.719940
Epoch: 71, Time: 6.4350, Train loss: 0.0933, Train acc: 0.9676
Epoch: 72, Time: 6.5109, Train loss: 0.0996, Train acc: 0.9622
Epoch: 73, Time: 6.5579, Train loss: 0.0929, Train acc: 0.9663
Epoch: 74, Time: 6.5042, Train loss: 0.1016, Train acc: 0.9592
Epoch: 75, Time: 6.5042, Train loss: 0.0923, Train acc: 0.9675
Epoch: 76, Time: 6.3795, Train loss: 0.0917, Train acc: 0.9684
Epoch: 77, Time: 6.4474, Train loss: 0.0928, Train acc: 0.9669
Epoch: 78, Time: 6.4084, Train loss: 0.0898, Train acc: 0.9688
Epoch: 79, Time: 6.4393, Train loss: 0.0948, Train acc: 0.9643
Epoch: 80, Time: 6.6060, Train loss: 0.0871, Train acc: 0.9707
---[epoch 80]---: tst acc = 0.727532
Epoch: 81, Time: 6.3996, Train loss: 0.0891, Train acc: 0.9705
Epoch: 82, Time: 6.5117, Train loss: 0.0878, Train acc: 0.9704
Epoch: 83, Time: 6.5513, Train loss: 0.0901, Train acc: 0.9690
Epoch    84: reducing learning rate of group 0 to 1.2500e-04.
Epoch: 84, Time: 6.4513, Train loss: 0.0900, Train acc: 0.9697
Epoch: 85, Time: 6.4846, Train loss: 0.0854, Train acc: 0.9724
Epoch: 86, Time: 6.4203, Train loss: 0.0850, Train acc: 0.9732
Epoch: 87, Time: 6.4080, Train loss: 0.0838, Train acc: 0.9737
Epoch: 88, Time: 6.5699, Train loss: 0.0845, Train acc: 0.9724
Epoch: 89, Time: 6.4718, Train loss: 0.0829, Train acc: 0.9744
Epoch: 90, Time: 6.5358, Train loss: 0.0839, Train acc: 0.9734
---[epoch 90]---: tst acc = 0.728409
Epoch: 91, Time: 6.4351, Train loss: 0.0869, Train acc: 0.9727
Epoch: 92, Time: 6.4387, Train loss: 0.0851, Train acc: 0.9737
Epoch: 93, Time: 6.6316, Train loss: 0.0828, Train acc: 0.9739
Epoch: 94, Time: 6.5181, Train loss: 0.0849, Train acc: 0.9731
Epoch: 95, Time: 6.5117, Train loss: 0.0852, Train acc: 0.9732
Epoch: 96, Time: 6.5539, Train loss: 0.0840, Train acc: 0.9736
Epoch    97: reducing learning rate of group 0 to 6.2500e-05.
Epoch: 97, Time: 6.5861, Train loss: 0.0868, Train acc: 0.9727
Epoch: 98, Time: 6.4142, Train loss: 0.0895, Train acc: 0.9744
Epoch: 99, Time: 6.4847, Train loss: 0.0898, Train acc: 0.9743
Epoch: 100, Time: 6.4742, Train loss: 0.0925, Train acc: 0.9739
---[epoch 100]---: tst acc = 0.724764
Epoch   101: reducing learning rate of group 0 to 3.1250e-05.
Epoch: 101, Time: 6.4914, Train loss: 0.0928, Train acc: 0.9749
Epoch: 102, Time: 6.5754, Train loss: 0.0901, Train acc: 0.9749
Epoch: 103, Time: 6.6278, Train loss: 0.0900, Train acc: 0.9755
Epoch: 104, Time: 6.5173, Train loss: 0.0915, Train acc: 0.9757
Epoch   105: reducing learning rate of group 0 to 1.5625e-05.
Epoch: 105, Time: 6.4047, Train loss: 0.0927, Train acc: 0.9754
Epoch: 106, Time: 6.4932, Train loss: 0.0903, Train acc: 0.9758
Epoch: 107, Time: 6.4029, Train loss: 0.0918, Train acc: 0.9756
Epoch: 108, Time: 6.5314, Train loss: 0.0903, Train acc: 0.9761
Epoch   109: reducing learning rate of group 0 to 7.8125e-06.
Epoch: 109, Time: 6.5093, Train loss: 0.0904, Train acc: 0.9754
Epoch: 110, Time: 6.4767, Train loss: 0.0912, Train acc: 0.9757
---[epoch 110]---: tst acc = 0.725776
Epoch: 111, Time: 6.3954, Train loss: 0.0905, Train acc: 0.9761
Epoch: 112, Time: 6.4968, Train loss: 0.0907, Train acc: 0.9756
Epoch   113: reducing learning rate of group 0 to 3.9063e-06.
Epoch: 113, Time: 6.4483, Train loss: 0.0917, Train acc: 0.9758
Epoch: 114, Time: 6.5751, Train loss: 0.0893, Train acc: 0.9755
Epoch: 115, Time: 6.4739, Train loss: 0.0904, Train acc: 0.9758
Epoch: 116, Time: 6.5658, Train loss: 0.0904, Train acc: 0.9755
Epoch   117: reducing learning rate of group 0 to 1.9531e-06.
Epoch: 117, Time: 6.4505, Train loss: 0.0911, Train acc: 0.9763
Epoch: 118, Time: 6.3967, Train loss: 0.0916, Train acc: 0.9761
Epoch: 119, Time: 6.4692, Train loss: 0.0916, Train acc: 0.9756
Epoch: 120, Time: 6.4538, Train loss: 0.0911, Train acc: 0.9761
---[epoch 120]---: tst acc = 0.724993
