Encoder arch:  ddl
lvl:  0  d1:  1  d2:  512
lvl:  1  d1:  2  d2:  256
lvl:  2  d1:  4  d2:  128
lvl:  3  d1:  8  d2:  64
lvl:  4  d1:  16  d2:  32
lvl:  5  d1:  32  d2:  16
lvl:  6  d1:  64  d2:  8
lvl:  7  d1:  128  d2:  4
lvl:  8  d1:  256  d2:  2
lvl:  9  d1:  512  d2:  1
lvl:  0  d1:  1  d2:  512
lvl:  1  d1:  2  d2:  256
lvl:  2  d1:  4  d2:  128
lvl:  3  d1:  8  d2:  64
lvl:  4  d1:  16  d2:  32
lvl:  5  d1:  32  d2:  16
lvl:  6  d1:  64  d2:  8
lvl:  7  d1:  128  d2:  4
lvl:  8  d1:  256  d2:  2
lvl:  9  d1:  512  d2:  1
lvl:  0  d1:  1  d2:  512
lvl:  1  d1:  2  d2:  256
lvl:  2  d1:  4  d2:  128
lvl:  3  d1:  8  d2:  64
lvl:  4  d1:  16  d2:  32
lvl:  5  d1:  32  d2:  16
lvl:  6  d1:  64  d2:  8
lvl:  7  d1:  128  d2:  4
lvl:  8  d1:  256  d2:  2
lvl:  9  d1:  512  d2:  1
lvl:  0  d1:  1  d2:  512
lvl:  1  d1:  2  d2:  256
lvl:  2  d1:  4  d2:  128
lvl:  3  d1:  8  d2:  64
lvl:  4  d1:  16  d2:  32
lvl:  5  d1:  32  d2:  16
lvl:  6  d1:  64  d2:  8
lvl:  7  d1:  128  d2:  4
lvl:  8  d1:  256  d2:  2
lvl:  9  d1:  512  d2:  1
Model Size:  1971904
LR:0.0001
Epoch: 1, Time: 22.4759, Train loss: 10.7320, Train acc: 0.1973
