*** Encoder:  ca  ***
Encoder arch: ddl -  ['ddl', 'ca']
lvl:  0  d1:  1  d2:  512  window_size:  1
lvl:  1  d1:  2  d2:  256  window_size:  2
lvl:  2  d1:  4  d2:  128  window_size:  4
lvl:  3  d1:  8  d2:  64  window_size:  8
lvl:  4  d1:  16  d2:  32  window_size:  16
lvl:  5  d1:  32  d2:  16  window_size:  32
lvl:  6  d1:  64  d2:  8  window_size:  64
lvl:  7  d1:  128  d2:  4  window_size:  128
lvl:  8  d1:  256  d2:  2  window_size:  256
lvl:  9  d1:  512  d2:  1  window_size:  512
*** Decoder:  ca  ***
lvl:  0  d1:  1  d2:  512  window_size:  1
lvl:  1  d1:  2  d2:  256  window_size:  2
lvl:  2  d1:  4  d2:  128  window_size:  4
lvl:  3  d1:  8  d2:  64  window_size:  8
lvl:  4  d1:  16  d2:  32  window_size:  16
lvl:  5  d1:  32  d2:  16  window_size:  32
lvl:  6  d1:  64  d2:  8  window_size:  64
lvl:  7  d1:  128  d2:  4  window_size:  128
lvl:  8  d1:  256  d2:  2  window_size:  256
lvl:  9  d1:  512  d2:  1  window_size:  512
*** Decoder:  ca  ***
lvl:  0  d1:  1  d2:  512  window_size:  1
lvl:  1  d1:  2  d2:  256  window_size:  2
lvl:  2  d1:  4  d2:  128  window_size:  4
lvl:  3  d1:  8  d2:  64  window_size:  8
lvl:  4  d1:  16  d2:  32  window_size:  16
lvl:  5  d1:  32  d2:  16  window_size:  32
lvl:  6  d1:  64  d2:  8  window_size:  64
lvl:  7  d1:  128  d2:  4  window_size:  128
lvl:  8  d1:  256  d2:  2  window_size:  256
lvl:  9  d1:  512  d2:  1  window_size:  512
*** Decoder:  ca  ***
lvl:  0  d1:  1  d2:  512  window_size:  1
lvl:  1  d1:  2  d2:  256  window_size:  2
lvl:  2  d1:  4  d2:  128  window_size:  4
lvl:  3  d1:  8  d2:  64  window_size:  8
lvl:  4  d1:  16  d2:  32  window_size:  16
lvl:  5  d1:  32  d2:  16  window_size:  32
lvl:  6  d1:  64  d2:  8  window_size:  64
lvl:  7  d1:  128  d2:  4  window_size:  128
lvl:  8  d1:  256  d2:  2  window_size:  256
lvl:  9  d1:  512  d2:  1  window_size:  512
Model Size:  1971904
LR:0.001, BS:12
