Encoder pos_encoding:  fixed
Encoder arch: default
Model Size:  1130860
LR:0.0005
Epoch: 1, Time: 0.5390, Train loss: 9.0546, Train acc: 0.1846
Epoch: 2, Time: 0.5213, Train loss: 7.8396, Train acc: 0.2635
Epoch: 3, Time: 0.5252, Train loss: 6.8210, Train acc: 0.2984
Epoch: 4, Time: 0.5267, Train loss: 5.6620, Train acc: 0.3825
Epoch: 5, Time: 0.5218, Train loss: 4.6341, Train acc: 0.5003
Epoch: 6, Time: 0.5255, Train loss: 3.9932, Train acc: 0.5935
Epoch: 7, Time: 0.5204, Train loss: 3.4683, Train acc: 0.6735
Epoch: 8, Time: 0.5299, Train loss: 3.1360, Train acc: 0.7583
Epoch: 9, Time: 0.5243, Train loss: 2.8562, Train acc: 0.8014
Epoch: 10, Time: 0.5415, Train loss: 2.6999, Train acc: 0.8352
---[epoch 10]---: tst acc = 0.653238
Epoch: 11, Time: 0.5426, Train loss: 2.4114, Train acc: 0.8662
Epoch: 12, Time: 0.5445, Train loss: 2.2234, Train acc: 0.8799
Epoch: 13, Time: 0.5427, Train loss: 2.1451, Train acc: 0.8912
Epoch: 14, Time: 0.5483, Train loss: 2.1461, Train acc: 0.8892
Epoch: 15, Time: 0.5518, Train loss: 1.9154, Train acc: 0.9108
Epoch: 16, Time: 0.5620, Train loss: 1.8073, Train acc: 0.9182
Epoch: 17, Time: 0.5661, Train loss: 1.7909, Train acc: 0.9139
Epoch: 18, Time: 0.5653, Train loss: 1.7032, Train acc: 0.9260
Epoch: 19, Time: 0.5653, Train loss: 1.6144, Train acc: 0.9305
Epoch: 20, Time: 0.5574, Train loss: 1.5954, Train acc: 0.9309
---[epoch 20]---: tst acc = 0.697695
Epoch: 21, Time: 0.5621, Train loss: 1.5888, Train acc: 0.9257
Epoch: 22, Time: 0.5592, Train loss: 1.4842, Train acc: 0.9392
Epoch: 23, Time: 0.5557, Train loss: 1.4724, Train acc: 0.9381
Epoch: 24, Time: 0.5600, Train loss: 1.4769, Train acc: 0.9354
Epoch: 25, Time: 0.5541, Train loss: 1.4281, Train acc: 0.9397
Epoch: 26, Time: 0.5620, Train loss: 1.3669, Train acc: 0.9439
Epoch: 27, Time: 0.5635, Train loss: 1.3848, Train acc: 0.9388
Epoch: 28, Time: 0.5576, Train loss: 1.3347, Train acc: 0.9452
Epoch: 29, Time: 0.5528, Train loss: 1.3068, Train acc: 0.9450
Epoch: 30, Time: 0.5613, Train loss: 1.2897, Train acc: 0.9460
---[epoch 30]---: tst acc = 0.701647
Epoch: 31, Time: 0.5500, Train loss: 1.2657, Train acc: 0.9477
Epoch: 32, Time: 0.5555, Train loss: 1.2501, Train acc: 0.9470
Epoch: 33, Time: 0.5516, Train loss: 1.2356, Train acc: 0.9482
Epoch: 34, Time: 0.5622, Train loss: 1.2554, Train acc: 0.9439
Epoch: 35, Time: 0.5531, Train loss: 1.2169, Train acc: 0.9494
Epoch: 36, Time: 0.5554, Train loss: 1.1715, Train acc: 0.9526
Epoch: 37, Time: 0.5527, Train loss: 1.1421, Train acc: 0.9550
Epoch: 38, Time: 0.5572, Train loss: 1.1652, Train acc: 0.9527
Epoch: 39, Time: 0.5580, Train loss: 1.1175, Train acc: 0.9547
Epoch: 40, Time: 0.5716, Train loss: 1.1078, Train acc: 0.9570
---[epoch 40]---: tst acc = 0.718002
Epoch: 41, Time: 0.5539, Train loss: 1.0669, Train acc: 0.9573
Epoch: 42, Time: 0.5681, Train loss: 1.0761, Train acc: 0.9561
Epoch: 43, Time: 0.5616, Train loss: 1.0579, Train acc: 0.9586
Epoch: 44, Time: 0.5717, Train loss: 1.0410, Train acc: 0.9588
Epoch: 45, Time: 0.5653, Train loss: 1.0462, Train acc: 0.9570
Epoch: 46, Time: 0.5616, Train loss: 1.0254, Train acc: 0.9596
Epoch: 47, Time: 0.5683, Train loss: 1.0358, Train acc: 0.9587
Epoch: 48, Time: 0.5841, Train loss: 1.0072, Train acc: 0.9589
Epoch: 49, Time: 0.5658, Train loss: 1.0066, Train acc: 0.9587
Epoch: 50, Time: 0.5742, Train loss: 0.9618, Train acc: 0.9629
---[epoch 50]---: tst acc = 0.722832
Epoch: 51, Time: 0.5663, Train loss: 0.9747, Train acc: 0.9631
Epoch: 52, Time: 0.5649, Train loss: 0.9954, Train acc: 0.9612
Epoch: 53, Time: 0.5701, Train loss: 0.9902, Train acc: 0.9603
Epoch: 54, Time: 0.5601, Train loss: 0.9451, Train acc: 0.9619
Epoch: 55, Time: 0.5632, Train loss: 0.9415, Train acc: 0.9644
Epoch: 56, Time: 0.5551, Train loss: 0.9270, Train acc: 0.9638
Epoch: 57, Time: 0.5703, Train loss: 0.9301, Train acc: 0.9633
Epoch: 58, Time: 0.5519, Train loss: 0.9127, Train acc: 0.9651
Epoch: 59, Time: 0.5742, Train loss: 0.9022, Train acc: 0.9650
Epoch: 60, Time: 0.5526, Train loss: 0.9209, Train acc: 0.9610
---[epoch 60]---: tst acc = 0.721625
Epoch: 61, Time: 0.5624, Train loss: 0.9023, Train acc: 0.9640
Epoch: 62, Time: 0.5618, Train loss: 0.8531, Train acc: 0.9693
Epoch: 63, Time: 0.5609, Train loss: 0.8514, Train acc: 0.9687
Epoch: 64, Time: 0.5719, Train loss: 0.8319, Train acc: 0.9702
Epoch: 65, Time: 0.5712, Train loss: 0.8336, Train acc: 0.9687
Epoch: 66, Time: 0.5667, Train loss: 0.8584, Train acc: 0.9665
Epoch: 67, Time: 0.5651, Train loss: 0.8685, Train acc: 0.9657
Epoch    68: reducing learning rate of group 0 to 2.5000e-04.
Epoch: 68, Time: 0.5663, Train loss: 0.8487, Train acc: 0.9671
Epoch: 69, Time: 0.5606, Train loss: 0.8189, Train acc: 0.9695
Epoch: 70, Time: 0.5542, Train loss: 0.7814, Train acc: 0.9732
---[epoch 70]---: tst acc = 0.723161
Epoch: 71, Time: 0.5619, Train loss: 0.7632, Train acc: 0.9755
Epoch: 72, Time: 0.5593, Train loss: 0.7618, Train acc: 0.9750
Epoch: 73, Time: 0.5514, Train loss: 0.7561, Train acc: 0.9756
Epoch: 74, Time: 0.5647, Train loss: 0.7613, Train acc: 0.9744
Epoch: 75, Time: 0.5644, Train loss: 0.7454, Train acc: 0.9759
Epoch: 76, Time: 0.5659, Train loss: 0.7521, Train acc: 0.9754
Epoch: 77, Time: 0.5530, Train loss: 0.7399, Train acc: 0.9760
Epoch: 78, Time: 0.5688, Train loss: 0.7397, Train acc: 0.9754
Epoch: 79, Time: 0.5663, Train loss: 0.7261, Train acc: 0.9768
Epoch: 80, Time: 0.5666, Train loss: 0.7269, Train acc: 0.9756
---[epoch 80]---: tst acc = 0.728540
Epoch: 81, Time: 0.5688, Train loss: 0.7310, Train acc: 0.9766
Epoch: 82, Time: 0.5629, Train loss: 0.7123, Train acc: 0.9777
Epoch: 83, Time: 0.5676, Train loss: 0.7165, Train acc: 0.9768
Epoch: 84, Time: 0.5631, Train loss: 0.7173, Train acc: 0.9769
Epoch: 85, Time: 0.5661, Train loss: 0.7082, Train acc: 0.9771
Epoch: 86, Time: 0.5721, Train loss: 0.7134, Train acc: 0.9769
Epoch: 87, Time: 0.5689, Train loss: 0.7115, Train acc: 0.9765
Epoch: 88, Time: 0.5618, Train loss: 0.7049, Train acc: 0.9778
Epoch: 89, Time: 0.5659, Train loss: 0.7033, Train acc: 0.9764
Epoch: 90, Time: 0.5677, Train loss: 0.6971, Train acc: 0.9762
---[epoch 90]---: tst acc = 0.728540
Epoch: 91, Time: 0.5576, Train loss: 0.6984, Train acc: 0.9768
Epoch: 92, Time: 0.5641, Train loss: 0.6890, Train acc: 0.9780
Epoch: 93, Time: 0.5589, Train loss: 0.6996, Train acc: 0.9763
Epoch: 94, Time: 0.5616, Train loss: 0.6864, Train acc: 0.9769
Epoch: 95, Time: 0.5637, Train loss: 0.7074, Train acc: 0.9746
Epoch: 96, Time: 0.5659, Train loss: 0.6785, Train acc: 0.9787
Epoch: 97, Time: 0.5631, Train loss: 0.6786, Train acc: 0.9780
Epoch: 98, Time: 0.5605, Train loss: 0.6703, Train acc: 0.9776
Epoch: 99, Time: 0.5694, Train loss: 0.6762, Train acc: 0.9774
Epoch: 100, Time: 0.5576, Train loss: 0.6675, Train acc: 0.9789
---[epoch 100]---: tst acc = 0.733699
Epoch: 101, Time: 0.5597, Train loss: 0.6667, Train acc: 0.9791
Epoch: 102, Time: 0.5669, Train loss: 0.6635, Train acc: 0.9782
Epoch: 103, Time: 0.5660, Train loss: 0.6649, Train acc: 0.9785
Epoch: 104, Time: 0.5621, Train loss: 0.6667, Train acc: 0.9783
Epoch: 105, Time: 0.5660, Train loss: 0.6607, Train acc: 0.9787
Epoch: 106, Time: 0.5575, Train loss: 0.6606, Train acc: 0.9778
Epoch: 107, Time: 0.5646, Train loss: 0.6673, Train acc: 0.9777
Epoch: 108, Time: 0.5563, Train loss: 0.6394, Train acc: 0.9793
Epoch: 109, Time: 0.5535, Train loss: 0.6469, Train acc: 0.9791
Epoch: 110, Time: 0.5585, Train loss: 0.6361, Train acc: 0.9804
---[epoch 110]---: tst acc = 0.730077
Epoch: 111, Time: 0.5544, Train loss: 0.6604, Train acc: 0.9774
Epoch: 112, Time: 0.5511, Train loss: 0.6341, Train acc: 0.9800
Epoch: 113, Time: 0.5595, Train loss: 0.6321, Train acc: 0.9789
Epoch: 114, Time: 0.5545, Train loss: 0.6321, Train acc: 0.9791
Epoch: 115, Time: 0.5543, Train loss: 0.6385, Train acc: 0.9791
Epoch: 116, Time: 0.5517, Train loss: 0.6262, Train acc: 0.9799
Epoch: 117, Time: 0.5564, Train loss: 0.6310, Train acc: 0.9787
Epoch: 118, Time: 0.5549, Train loss: 0.6226, Train acc: 0.9796
Epoch: 119, Time: 0.5721, Train loss: 0.6371, Train acc: 0.9783
Epoch: 120, Time: 0.5623, Train loss: 0.6198, Train acc: 0.9804
---[epoch 120]---: tst acc = 0.725796
